2021-01-14T02:26:48.046Z ERROR   :HLFConnectionManager     :fabric-client()           [client-utils.js]: sendPeersProposal - Promise is rejected: Error: cannot get package for chaincode (edu-network:0.3.1-deploy.2)
    at /home/composer/.npm-global/lib/node_modules/composer-cli/node_modules/fabric-client/lib/Peer.js:114:16
    at /home/composer/.npm-global/lib/node_modules/composer-cli/node_modules/grpc/src/client.js:586:7 {}$
2021-01-14T02:26:48.055Z ERROR   :HLFConnectionManager     :fabric-client()           [client-utils.js]: sendPeersProposal - Promise is rejected: Error: cannot get package for chaincode (edu-network:0.3.1-deploy.2)
    at /home/composer/.npm-global/lib/node_modules/composer-cli/node_modules/fabric-client/lib/Peer.js:114:16
    at /home/composer/.npm-global/lib/node_modules/composer-cli/node_modules/grpc/src/client.js:586:7 {}$
2021-01-14T02:41:19.357Z ERROR   :HLFConnectionManager     :fabric-client()           [client-utils.js]: sendPeersProposal - Promise is rejected: Error: failed to execute transaction 871a56ac077ec40e127652007639e6cd95594e42e53922df00bb5048832e6a38: timeout expired while starting chaincode edu-network:0.3.1-deploy.2 for transaction 871a56ac077ec40e127652007639e6cd95594e42e53922df00bb5048832e6a38
    at /home/composer/.npm-global/lib/node_modules/composer-cli/node_modules/fabric-client/lib/Peer.js:114:16
    at /home/composer/.npm-global/lib/node_modules/composer-cli/node_modules/grpc/src/client.js:586:7 {}$
2021-01-14T02:41:32.270Z ERROR   :HLFConnectionManager     :fabric-client()           [client-utils.js]: sendPeersProposal - Promise is rejected: Error: cannot get package for chaincode (edu-network:0.3.1-deploy.2)
    at /home/composer/.npm-global/lib/node_modules/composer-cli/node_modules/fabric-client/lib/Peer.js:114:16
    at /home/composer/.npm-global/lib/node_modules/composer-cli/node_modules/grpc/src/client.js:586:7 {}$
2021-01-14T02:41:32.272Z ERROR   :HLFConnectionManager     :fabric-client()           [client-utils.js]: sendPeersProposal - Promise is rejected: Error: cannot get package for chaincode (edu-network:0.3.1-deploy.2)
    at /home/composer/.npm-global/lib/node_modules/composer-cli/node_modules/fabric-client/lib/Peer.js:114:16
    at /home/composer/.npm-global/lib/node_modules/composer-cli/node_modules/grpc/src/client.js:586:7 {}$
2021-01-14T02:41:38.277Z WARN    :HLFConnection            :_validatePeerResponses()  Response from attempted peer comms was an error: Error: cannot get package for chaincode (edu-network:0.3.1-deploy.2) {}$
2021-01-14T02:45:09.470Z ERROR   :HLFConnectionManager     :fabric-client()           [client-utils.js]: sendPeersProposal - Promise is rejected: Error: cannot get package for chaincode (edu-network:0.3.1-deploy.2)
    at /home/composer/.npm-global/lib/node_modules/composer-cli/node_modules/fabric-client/lib/Peer.js:114:16
    at /home/composer/.npm-global/lib/node_modules/composer-cli/node_modules/grpc/src/client.js:586:7 {}$
2021-01-14T02:45:09.476Z ERROR   :HLFConnectionManager     :fabric-client()           [client-utils.js]: sendPeersProposal - Promise is rejected: Error: cannot get package for chaincode (edu-network:0.3.1-deploy.2)
    at /home/composer/.npm-global/lib/node_modules/composer-cli/node_modules/fabric-client/lib/Peer.js:114:16
    at /home/composer/.npm-global/lib/node_modules/composer-cli/node_modules/grpc/src/client.js:586:7 {}$
2021-01-14T02:45:15.152Z WARN    :HLFConnection            :_validatePeerResponses()  Response from attempted peer comms was an error: Error: cannot get package for chaincode (edu-network:0.3.1-deploy.2) {}$
2021-01-14T03:07:43.238Z ERROR   :HLFConnectionManager     :fabric-client()           [client-utils.js]: sendPeersProposal - Promise is rejected: Error: cannot get package for chaincode (edu-network:0.3.1-deploy.2)
    at /home/composer/.npm-global/lib/node_modules/composer-cli/node_modules/fabric-client/lib/Peer.js:114:16
    at /home/composer/.npm-global/lib/node_modules/composer-cli/node_modules/grpc/src/client.js:586:7 {}$
2021-01-14T03:07:43.242Z ERROR   :HLFConnectionManager     :fabric-client()           [client-utils.js]: sendPeersProposal - Promise is rejected: Error: cannot get package for chaincode (edu-network:0.3.1-deploy.2)
    at /home/composer/.npm-global/lib/node_modules/composer-cli/node_modules/fabric-client/lib/Peer.js:114:16
    at /home/composer/.npm-global/lib/node_modules/composer-cli/node_modules/grpc/src/client.js:586:7 {}$
2021-01-14T03:07:49.722Z WARN    :HLFConnection            :_validatePeerResponses()  Response from attempted peer comms was an error: Error: cannot get package for chaincode (edu-network:0.3.1-deploy.2) {}$
2021-01-14T03:07:49.722Z WARN    :HLFConnection            :_validatePeerResponses()  Response from attempted peer comms was an error: Error: cannot get package for chaincode (edu-network:0.3.1-deploy.2) {}$
2021-01-14T03:08:23.022Z ERROR   :HLFConnectionManager     :fabric-client()           [client-utils.js]: sendPeersProposal - Promise is rejected: Error: transaction returned with failure: Error: The current identity, with the name 'admin' and the identifier '01899e04161a3a6d64670504fa122e55818295352929b6a616333a3739fde3f2', must be activated (ACTIVATION_REQUIRED)
    at /home/composer/.npm-global/lib/node_modules/composer-cli/node_modules/fabric-client/lib/Peer.js:114:16
    at /home/composer/.npm-global/lib/node_modules/composer-cli/node_modules/grpc/src/client.js:586:7 {}$
2021-01-14T03:08:23.025Z WARN    :HLFQueryHandler          :queryChaincode()          query payload returned an error: Error: transaction returned with failure: Error: The current identity, with the name 'admin' and the identifier '01899e04161a3a6d64670504fa122e55818295352929b6a616333a3739fde3f2', must be activated (ACTIVATION_REQUIRED) {}$
2021-01-14T03:08:23.025Z ERROR   :HLFConnection            :ping()                    {"message":"Error trying to ping. Error: transaction returned with failure: Error: The current identity, with the name 'admin' and the identifier '01899e04161a3a6d64670504fa122e55818295352929b6a616333a3739fde3f2', must be activated (ACTIVATION_REQUIRED)","stack":"Error: Error trying to ping. Error: transaction returned with failure: Error: The current identity, with the name 'admin' and the identifier '01899e04161a3a6d64670504fa122e55818295352929b6a616333a3739fde3f2', must be activated (ACTIVATION_REQUIRED)\n    at _checkRuntimeVersions.then.catch (/home/composer/.npm-global/lib/node_modules/composer-cli/node_modules/composer-connector-hlfv1/lib/hlfconnection.js:863:34)\n    at <anonymous>"}$
2021-01-14T03:08:23.106Z ERROR   :HLFConnectionManager     :fabric-client()           [client-utils.js]: sendPeersProposal - Promise is rejected: Error: cannot retrieve package for chaincode edu-network/0.3.1-deploy.2, error open /var/hyperledger/production/chaincodes/edu-network.0.3.1-deploy.2: no such file or directory
    at /home/composer/.npm-global/lib/node_modules/composer-cli/node_modules/fabric-client/lib/Peer.js:114:16
    at /home/composer/.npm-global/lib/node_modules/composer-cli/node_modules/grpc/src/client.js:586:7 {}$
2021-01-14T03:08:23.119Z ERROR   :HLFConnectionManager     :fabric-client()           [client-utils.js]: sendPeersProposal - Promise is rejected: Error: cannot retrieve package for chaincode edu-network/0.3.1-deploy.2, error open /var/hyperledger/production/chaincodes/edu-network.0.3.1-deploy.2: no such file or directory
    at /home/composer/.npm-global/lib/node_modules/composer-cli/node_modules/fabric-client/lib/Peer.js:114:16
    at /home/composer/.npm-global/lib/node_modules/composer-cli/node_modules/grpc/src/client.js:586:7 {}$
2021-01-14T03:08:23.247Z WARN    :HLFConnection            :_validatePeerResponses()  Response from attempted peer comms was an error: Error: cannot retrieve package for chaincode edu-network/0.3.1-deploy.2, error open /var/hyperledger/production/chaincodes/edu-network.0.3.1-deploy.2: no such file or directory {}$
2021-01-14T03:08:23.247Z WARN    :HLFConnection            :_validatePeerResponses()  Response from attempted peer comms was an error: Error: cannot retrieve package for chaincode edu-network/0.3.1-deploy.2, error open /var/hyperledger/production/chaincodes/edu-network.0.3.1-deploy.2: no such file or directory {}$
2021-01-14T03:08:25.938Z ERROR   :HLFTxEventHandler        :Peer 10.214.241.224:7051  null$
2021-01-14T03:08:30.645Z ERROR   :HLFConnectionManager     :fabric-client()           [client-utils.js]: sendPeersProposal - Promise is rejected: Error: transaction returned with failure: Error: The current identity, with the name 'admin' and the identifier '01899e04161a3a6d64670504fa122e55818295352929b6a616333a3739fde3f2', must be activated (ACTIVATION_REQUIRED)
    at /home/composer/.npm-global/lib/node_modules/composer-cli/node_modules/fabric-client/lib/Peer.js:114:16
    at /home/composer/.npm-global/lib/node_modules/composer-cli/node_modules/grpc/src/client.js:586:7 {}$
2021-01-14T03:08:30.647Z WARN    :HLFQueryHandler          :queryChaincode()          query payload returned an error: Error: transaction returned with failure: Error: The current identity, with the name 'admin' and the identifier '01899e04161a3a6d64670504fa122e55818295352929b6a616333a3739fde3f2', must be activated (ACTIVATION_REQUIRED) {}$
2021-01-14T03:08:30.647Z ERROR   :HLFConnection            :ping()                    {"message":"Error trying to ping. Error: transaction returned with failure: Error: The current identity, with the name 'admin' and the identifier '01899e04161a3a6d64670504fa122e55818295352929b6a616333a3739fde3f2', must be activated (ACTIVATION_REQUIRED)","stack":"Error: Error trying to ping. Error: transaction returned with failure: Error: The current identity, with the name 'admin' and the identifier '01899e04161a3a6d64670504fa122e55818295352929b6a616333a3739fde3f2', must be activated (ACTIVATION_REQUIRED)\n    at _checkRuntimeVersions.then.catch (/home/composer/.npm-global/lib/node_modules/composer-cli/node_modules/composer-connector-hlfv1/lib/hlfconnection.js:863:34)\n    at <anonymous>"}$
2021-01-14T03:08:30.696Z ERROR   :HLFConnectionManager     :fabric-client()           [client-utils.js]: sendPeersProposal - Promise is rejected: Error: cannot retrieve package for chaincode edu-network/0.3.1-deploy.2, error open /var/hyperledger/production/chaincodes/edu-network.0.3.1-deploy.2: no such file or directory
    at /home/composer/.npm-global/lib/node_modules/composer-cli/node_modules/fabric-client/lib/Peer.js:114:16
    at /home/composer/.npm-global/lib/node_modules/composer-cli/node_modules/grpc/src/client.js:586:7 {}$
2021-01-14T03:08:30.707Z ERROR   :HLFConnectionManager     :fabric-client()           [client-utils.js]: sendPeersProposal - Promise is rejected: Error: cannot retrieve package for chaincode edu-network/0.3.1-deploy.2, error open /var/hyperledger/production/chaincodes/edu-network.0.3.1-deploy.2: no such file or directory
    at /home/composer/.npm-global/lib/node_modules/composer-cli/node_modules/fabric-client/lib/Peer.js:114:16
    at /home/composer/.npm-global/lib/node_modules/composer-cli/node_modules/grpc/src/client.js:586:7 {}$
2021-01-14T03:08:30.815Z WARN    :HLFConnection            :_validatePeerResponses()  Response from attempted peer comms was an error: Error: cannot retrieve package for chaincode edu-network/0.3.1-deploy.2, error open /var/hyperledger/production/chaincodes/edu-network.0.3.1-deploy.2: no such file or directory {}$
2021-01-14T03:08:30.816Z WARN    :HLFConnection            :_validatePeerResponses()  Response from attempted peer comms was an error: Error: cannot retrieve package for chaincode edu-network/0.3.1-deploy.2, error open /var/hyperledger/production/chaincodes/edu-network.0.3.1-deploy.2: no such file or directory {}$
2021-01-14T03:08:33.410Z ERROR   :HLFTxEventHandler        :Peer 10.214.241.224:9051  null$
2021-01-14T03:08:53.576Z ERROR   :HLFConnectionManager     :fabric-client()           [client-utils.js]: sendPeersProposal - Promise is rejected: Error: transaction returned with failure: Error: The current identity, with the name 'admin' and the identifier '01899e04161a3a6d64670504fa122e55818295352929b6a616333a3739fde3f2', must be activated (ACTIVATION_REQUIRED)
    at /home/composer/.npm-global/lib/node_modules/composer-rest-server/node_modules/fabric-client/lib/Peer.js:114:16
    at /home/composer/.npm-global/lib/node_modules/composer-rest-server/node_modules/grpc/src/client.js:586:7 {}$
2021-01-14T03:08:53.578Z WARN    :HLFQueryHandler          :queryChaincode()          query payload returned an error: Error: transaction returned with failure: Error: The current identity, with the name 'admin' and the identifier '01899e04161a3a6d64670504fa122e55818295352929b6a616333a3739fde3f2', must be activated (ACTIVATION_REQUIRED) {}$
2021-01-14T03:08:53.578Z ERROR   :HLFConnection            :ping()                    {"message":"Error trying to ping. Error: transaction returned with failure: Error: The current identity, with the name 'admin' and the identifier '01899e04161a3a6d64670504fa122e55818295352929b6a616333a3739fde3f2', must be activated (ACTIVATION_REQUIRED)","stack":"Error: Error trying to ping. Error: transaction returned with failure: Error: The current identity, with the name 'admin' and the identifier '01899e04161a3a6d64670504fa122e55818295352929b6a616333a3739fde3f2', must be activated (ACTIVATION_REQUIRED)\n    at _checkRuntimeVersions.then.catch (/home/composer/.npm-global/lib/node_modules/composer-rest-server/node_modules/composer-connector-hlfv1/lib/hlfconnection.js:863:34)\n    at <anonymous>"}$
2021-01-14T03:08:53.632Z ERROR   :HLFConnectionManager     :fabric-client()           [client-utils.js]: sendPeersProposal - Promise is rejected: Error: cannot retrieve package for chaincode edu-network/0.3.1-deploy.2, error open /var/hyperledger/production/chaincodes/edu-network.0.3.1-deploy.2: no such file or directory
    at /home/composer/.npm-global/lib/node_modules/composer-rest-server/node_modules/fabric-client/lib/Peer.js:114:16
    at /home/composer/.npm-global/lib/node_modules/composer-rest-server/node_modules/grpc/src/client.js:586:7 {}$
2021-01-14T03:08:53.641Z ERROR   :HLFConnectionManager     :fabric-client()           [client-utils.js]: sendPeersProposal - Promise is rejected: Error: cannot retrieve package for chaincode edu-network/0.3.1-deploy.2, error open /var/hyperledger/production/chaincodes/edu-network.0.3.1-deploy.2: no such file or directory
    at /home/composer/.npm-global/lib/node_modules/composer-rest-server/node_modules/fabric-client/lib/Peer.js:114:16
    at /home/composer/.npm-global/lib/node_modules/composer-rest-server/node_modules/grpc/src/client.js:586:7 {}$
2021-01-14T03:08:53.734Z WARN    :HLFConnection            :_validatePeerResponses()  Response from attempted peer comms was an error: Error: cannot retrieve package for chaincode edu-network/0.3.1-deploy.2, error open /var/hyperledger/production/chaincodes/edu-network.0.3.1-deploy.2: no such file or directory {}$
2021-01-14T03:08:53.734Z WARN    :HLFConnection            :_validatePeerResponses()  Response from attempted peer comms was an error: Error: cannot retrieve package for chaincode edu-network/0.3.1-deploy.2, error open /var/hyperledger/production/chaincodes/edu-network.0.3.1-deploy.2: no such file or directory {}$
2021-01-14T03:08:56.300Z ERROR   :HLFTxEventHandler        :Peer 10.214.241.224:7051  null$
2021-01-14T03:09:04.840Z ERROR   :HLFConnectionManager     :fabric-client()           [client-utils.js]: sendPeersProposal - Promise is rejected: Error: transaction returned with failure: Error: The current identity, with the name 'admin' and the identifier '01899e04161a3a6d64670504fa122e55818295352929b6a616333a3739fde3f2', must be activated (ACTIVATION_REQUIRED)
    at /home/composer/.npm-global/lib/node_modules/composer-rest-server/node_modules/fabric-client/lib/Peer.js:114:16
    at /home/composer/.npm-global/lib/node_modules/composer-rest-server/node_modules/grpc/src/client.js:586:7 {}$
2021-01-14T03:09:04.842Z WARN    :HLFQueryHandler          :queryChaincode()          query payload returned an error: Error: transaction returned with failure: Error: The current identity, with the name 'admin' and the identifier '01899e04161a3a6d64670504fa122e55818295352929b6a616333a3739fde3f2', must be activated (ACTIVATION_REQUIRED) {}$
2021-01-14T03:09:04.843Z ERROR   :HLFConnection            :ping()                    {"message":"Error trying to ping. Error: transaction returned with failure: Error: The current identity, with the name 'admin' and the identifier '01899e04161a3a6d64670504fa122e55818295352929b6a616333a3739fde3f2', must be activated (ACTIVATION_REQUIRED)","stack":"Error: Error trying to ping. Error: transaction returned with failure: Error: The current identity, with the name 'admin' and the identifier '01899e04161a3a6d64670504fa122e55818295352929b6a616333a3739fde3f2', must be activated (ACTIVATION_REQUIRED)\n    at _checkRuntimeVersions.then.catch (/home/composer/.npm-global/lib/node_modules/composer-rest-server/node_modules/composer-connector-hlfv1/lib/hlfconnection.js:863:34)\n    at <anonymous>"}$
2021-01-14T03:09:04.924Z ERROR   :HLFConnectionManager     :fabric-client()           [client-utils.js]: sendPeersProposal - Promise is rejected: Error: cannot retrieve package for chaincode edu-network/0.3.1-deploy.2, error open /var/hyperledger/production/chaincodes/edu-network.0.3.1-deploy.2: no such file or directory
    at /home/composer/.npm-global/lib/node_modules/composer-rest-server/node_modules/fabric-client/lib/Peer.js:114:16
    at /home/composer/.npm-global/lib/node_modules/composer-rest-server/node_modules/grpc/src/client.js:586:7 {}$
2021-01-14T03:09:04.946Z ERROR   :HLFConnectionManager     :fabric-client()           [client-utils.js]: sendPeersProposal - Promise is rejected: Error: cannot retrieve package for chaincode edu-network/0.3.1-deploy.2, error open /var/hyperledger/production/chaincodes/edu-network.0.3.1-deploy.2: no such file or directory
    at /home/composer/.npm-global/lib/node_modules/composer-rest-server/node_modules/fabric-client/lib/Peer.js:114:16
    at /home/composer/.npm-global/lib/node_modules/composer-rest-server/node_modules/grpc/src/client.js:586:7 {}$
2021-01-14T03:09:05.017Z WARN    :HLFConnection            :_validatePeerResponses()  Response from attempted peer comms was an error: Error: cannot retrieve package for chaincode edu-network/0.3.1-deploy.2, error open /var/hyperledger/production/chaincodes/edu-network.0.3.1-deploy.2: no such file or directory {}$
2021-01-14T03:09:05.017Z WARN    :HLFConnection            :_validatePeerResponses()  Response from attempted peer comms was an error: Error: cannot retrieve package for chaincode edu-network/0.3.1-deploy.2, error open /var/hyperledger/production/chaincodes/edu-network.0.3.1-deploy.2: no such file or directory {}$
2021-01-14T03:09:07.620Z ERROR   :HLFTxEventHandler        :Peer 10.214.241.224:9051  null$
2021-01-14T03:09:15.452Z ERROR   :HLFConnectionManager     :fabric-client()           [client-utils.js]: sendPeersProposal - Promise is rejected: Error: transaction returned with failure: Error: The current identity, with the name 'admin' and the identifier '01899e04161a3a6d64670504fa122e55818295352929b6a616333a3739fde3f2', must be activated (ACTIVATION_REQUIRED)
    at /home/composer/.npm-global/lib/node_modules/composer-rest-server/node_modules/fabric-client/lib/Peer.js:114:16
    at /home/composer/.npm-global/lib/node_modules/composer-rest-server/node_modules/grpc/src/client.js:586:7 {}$
2021-01-14T03:09:15.453Z WARN    :HLFQueryHandler          :queryChaincode()          query payload returned an error: Error: transaction returned with failure: Error: The current identity, with the name 'admin' and the identifier '01899e04161a3a6d64670504fa122e55818295352929b6a616333a3739fde3f2', must be activated (ACTIVATION_REQUIRED) {}$
2021-01-14T03:09:15.454Z ERROR   :HLFConnection            :ping()                    {"message":"Error trying to ping. Error: transaction returned with failure: Error: The current identity, with the name 'admin' and the identifier '01899e04161a3a6d64670504fa122e55818295352929b6a616333a3739fde3f2', must be activated (ACTIVATION_REQUIRED)","stack":"Error: Error trying to ping. Error: transaction returned with failure: Error: The current identity, with the name 'admin' and the identifier '01899e04161a3a6d64670504fa122e55818295352929b6a616333a3739fde3f2', must be activated (ACTIVATION_REQUIRED)\n    at _checkRuntimeVersions.then.catch (/home/composer/.npm-global/lib/node_modules/composer-rest-server/node_modules/composer-connector-hlfv1/lib/hlfconnection.js:863:34)\n    at <anonymous>"}$
2021-01-14T03:09:15.506Z ERROR   :HLFConnectionManager     :fabric-client()           [client-utils.js]: sendPeersProposal - Promise is rejected: Error: cannot retrieve package for chaincode edu-network/0.3.1-deploy.2, error open /var/hyperledger/production/chaincodes/edu-network.0.3.1-deploy.2: no such file or directory
    at /home/composer/.npm-global/lib/node_modules/composer-rest-server/node_modules/fabric-client/lib/Peer.js:114:16
    at /home/composer/.npm-global/lib/node_modules/composer-rest-server/node_modules/grpc/src/client.js:586:7 {}$
2021-01-14T03:09:15.520Z ERROR   :HLFConnectionManager     :fabric-client()           [client-utils.js]: sendPeersProposal - Promise is rejected: Error: cannot retrieve package for chaincode edu-network/0.3.1-deploy.2, error open /var/hyperledger/production/chaincodes/edu-network.0.3.1-deploy.2: no such file or directory
    at /home/composer/.npm-global/lib/node_modules/composer-rest-server/node_modules/fabric-client/lib/Peer.js:114:16
    at /home/composer/.npm-global/lib/node_modules/composer-rest-server/node_modules/grpc/src/client.js:586:7 {}$
2021-01-14T03:09:15.599Z WARN    :HLFConnection            :_validatePeerResponses()  Response from attempted peer comms was an error: Error: cannot retrieve package for chaincode edu-network/0.3.1-deploy.2, error open /var/hyperledger/production/chaincodes/edu-network.0.3.1-deploy.2: no such file or directory {}$
2021-01-14T03:09:15.600Z WARN    :HLFConnection            :_validatePeerResponses()  Response from attempted peer comms was an error: Error: cannot retrieve package for chaincode edu-network/0.3.1-deploy.2, error open /var/hyperledger/production/chaincodes/edu-network.0.3.1-deploy.2: no such file or directory {}$
2021-01-14T03:09:18.125Z ERROR   :HLFTxEventHandler        :Peer 10.214.241.224:7051  null$
2021-01-14T03:10:06.646Z ERROR   :HLFConnectionManager     :fabric-client()           [client-utils.js]: sendPeersProposal - Promise is rejected: Error: transaction returned with failure: Error: The current identity, with the name 'admin' and the identifier '01899e04161a3a6d64670504fa122e55818295352929b6a616333a3739fde3f2', must be activated (ACTIVATION_REQUIRED)
    at /home/composer/.npm-global/lib/node_modules/composer-rest-server/node_modules/fabric-client/lib/Peer.js:114:16
    at /home/composer/.npm-global/lib/node_modules/composer-rest-server/node_modules/grpc/src/client.js:586:7 {}$
2021-01-14T03:10:06.648Z WARN    :HLFQueryHandler          :queryChaincode()          query payload returned an error: Error: transaction returned with failure: Error: The current identity, with the name 'admin' and the identifier '01899e04161a3a6d64670504fa122e55818295352929b6a616333a3739fde3f2', must be activated (ACTIVATION_REQUIRED) {}$
2021-01-14T03:10:06.648Z ERROR   :HLFConnection            :ping()                    {"message":"Error trying to ping. Error: transaction returned with failure: Error: The current identity, with the name 'admin' and the identifier '01899e04161a3a6d64670504fa122e55818295352929b6a616333a3739fde3f2', must be activated (ACTIVATION_REQUIRED)","stack":"Error: Error trying to ping. Error: transaction returned with failure: Error: The current identity, with the name 'admin' and the identifier '01899e04161a3a6d64670504fa122e55818295352929b6a616333a3739fde3f2', must be activated (ACTIVATION_REQUIRED)\n    at _checkRuntimeVersions.then.catch (/home/composer/.npm-global/lib/node_modules/composer-rest-server/node_modules/composer-connector-hlfv1/lib/hlfconnection.js:863:34)\n    at <anonymous>"}$
2021-01-14T03:10:06.702Z ERROR   :HLFConnectionManager     :fabric-client()           [client-utils.js]: sendPeersProposal - Promise is rejected: Error: cannot retrieve package for chaincode edu-network/0.3.1-deploy.2, error open /var/hyperledger/production/chaincodes/edu-network.0.3.1-deploy.2: no such file or directory
    at /home/composer/.npm-global/lib/node_modules/composer-rest-server/node_modules/fabric-client/lib/Peer.js:114:16
    at /home/composer/.npm-global/lib/node_modules/composer-rest-server/node_modules/grpc/src/client.js:586:7 {}$
2021-01-14T03:10:06.714Z ERROR   :HLFConnectionManager     :fabric-client()           [client-utils.js]: sendPeersProposal - Promise is rejected: Error: cannot retrieve package for chaincode edu-network/0.3.1-deploy.2, error open /var/hyperledger/production/chaincodes/edu-network.0.3.1-deploy.2: no such file or directory
    at /home/composer/.npm-global/lib/node_modules/composer-rest-server/node_modules/fabric-client/lib/Peer.js:114:16
    at /home/composer/.npm-global/lib/node_modules/composer-rest-server/node_modules/grpc/src/client.js:586:7 {}$
2021-01-14T03:10:06.791Z WARN    :HLFConnection            :_validatePeerResponses()  Response from attempted peer comms was an error: Error: cannot retrieve package for chaincode edu-network/0.3.1-deploy.2, error open /var/hyperledger/production/chaincodes/edu-network.0.3.1-deploy.2: no such file or directory {}$
2021-01-14T03:10:06.792Z WARN    :HLFConnection            :_validatePeerResponses()  Response from attempted peer comms was an error: Error: cannot retrieve package for chaincode edu-network/0.3.1-deploy.2, error open /var/hyperledger/production/chaincodes/edu-network.0.3.1-deploy.2: no such file or directory {}$
2021-01-14T03:10:09.401Z ERROR   :HLFTxEventHandler        :Peer 10.214.241.224:9051  null$
2021-01-14T03:10:17.826Z ERROR   :HLFConnectionManager     :fabric-client()           [client-utils.js]: sendPeersProposal - Promise is rejected: Error: transaction returned with failure: Error: The current identity, with the name 'admin' and the identifier '01899e04161a3a6d64670504fa122e55818295352929b6a616333a3739fde3f2', must be activated (ACTIVATION_REQUIRED)
    at /home/composer/.npm-global/lib/node_modules/composer-rest-server/node_modules/fabric-client/lib/Peer.js:114:16
    at /home/composer/.npm-global/lib/node_modules/composer-rest-server/node_modules/grpc/src/client.js:586:7 {}$
2021-01-14T03:10:17.827Z WARN    :HLFQueryHandler          :queryChaincode()          query payload returned an error: Error: transaction returned with failure: Error: The current identity, with the name 'admin' and the identifier '01899e04161a3a6d64670504fa122e55818295352929b6a616333a3739fde3f2', must be activated (ACTIVATION_REQUIRED) {}$
2021-01-14T03:10:17.828Z ERROR   :HLFConnection            :ping()                    {"message":"Error trying to ping. Error: transaction returned with failure: Error: The current identity, with the name 'admin' and the identifier '01899e04161a3a6d64670504fa122e55818295352929b6a616333a3739fde3f2', must be activated (ACTIVATION_REQUIRED)","stack":"Error: Error trying to ping. Error: transaction returned with failure: Error: The current identity, with the name 'admin' and the identifier '01899e04161a3a6d64670504fa122e55818295352929b6a616333a3739fde3f2', must be activated (ACTIVATION_REQUIRED)\n    at _checkRuntimeVersions.then.catch (/home/composer/.npm-global/lib/node_modules/composer-rest-server/node_modules/composer-connector-hlfv1/lib/hlfconnection.js:863:34)\n    at <anonymous>"}$
2021-01-14T03:10:17.884Z ERROR   :HLFConnectionManager     :fabric-client()           [client-utils.js]: sendPeersProposal - Promise is rejected: Error: cannot retrieve package for chaincode edu-network/0.3.1-deploy.2, error open /var/hyperledger/production/chaincodes/edu-network.0.3.1-deploy.2: no such file or directory
    at /home/composer/.npm-global/lib/node_modules/composer-rest-server/node_modules/fabric-client/lib/Peer.js:114:16
    at /home/composer/.npm-global/lib/node_modules/composer-rest-server/node_modules/grpc/src/client.js:586:7 {}$
2021-01-14T03:10:17.901Z ERROR   :HLFConnectionManager     :fabric-client()           [client-utils.js]: sendPeersProposal - Promise is rejected: Error: cannot retrieve package for chaincode edu-network/0.3.1-deploy.2, error open /var/hyperledger/production/chaincodes/edu-network.0.3.1-deploy.2: no such file or directory
    at /home/composer/.npm-global/lib/node_modules/composer-rest-server/node_modules/fabric-client/lib/Peer.js:114:16
    at /home/composer/.npm-global/lib/node_modules/composer-rest-server/node_modules/grpc/src/client.js:586:7 {}$
2021-01-14T03:10:17.977Z WARN    :HLFConnection            :_validatePeerResponses()  Response from attempted peer comms was an error: Error: cannot retrieve package for chaincode edu-network/0.3.1-deploy.2, error open /var/hyperledger/production/chaincodes/edu-network.0.3.1-deploy.2: no such file or directory {}$
2021-01-14T03:10:17.977Z WARN    :HLFConnection            :_validatePeerResponses()  Response from attempted peer comms was an error: Error: cannot retrieve package for chaincode edu-network/0.3.1-deploy.2, error open /var/hyperledger/production/chaincodes/edu-network.0.3.1-deploy.2: no such file or directory {}$
2021-01-14T03:10:20.517Z ERROR   :HLFTxEventHandler        :Peer 10.214.241.224:9051  null$
2021-01-14T03:10:28.838Z ERROR   :HLFConnectionManager     :fabric-client()           [client-utils.js]: sendPeersProposal - Promise is rejected: Error: transaction returned with failure: Error: The current identity, with the name 'admin' and the identifier '01899e04161a3a6d64670504fa122e55818295352929b6a616333a3739fde3f2', must be activated (ACTIVATION_REQUIRED)
    at /home/composer/.npm-global/lib/node_modules/composer-rest-server/node_modules/fabric-client/lib/Peer.js:114:16
    at /home/composer/.npm-global/lib/node_modules/composer-rest-server/node_modules/grpc/src/client.js:586:7 {}$
2021-01-14T03:10:28.840Z WARN    :HLFQueryHandler          :queryChaincode()          query payload returned an error: Error: transaction returned with failure: Error: The current identity, with the name 'admin' and the identifier '01899e04161a3a6d64670504fa122e55818295352929b6a616333a3739fde3f2', must be activated (ACTIVATION_REQUIRED) {}$
2021-01-14T03:10:28.841Z ERROR   :HLFConnection            :ping()                    {"message":"Error trying to ping. Error: transaction returned with failure: Error: The current identity, with the name 'admin' and the identifier '01899e04161a3a6d64670504fa122e55818295352929b6a616333a3739fde3f2', must be activated (ACTIVATION_REQUIRED)","stack":"Error: Error trying to ping. Error: transaction returned with failure: Error: The current identity, with the name 'admin' and the identifier '01899e04161a3a6d64670504fa122e55818295352929b6a616333a3739fde3f2', must be activated (ACTIVATION_REQUIRED)\n    at _checkRuntimeVersions.then.catch (/home/composer/.npm-global/lib/node_modules/composer-rest-server/node_modules/composer-connector-hlfv1/lib/hlfconnection.js:863:34)\n    at <anonymous>"}$
2021-01-14T03:10:28.925Z ERROR   :HLFConnectionManager     :fabric-client()           [client-utils.js]: sendPeersProposal - Promise is rejected: Error: cannot retrieve package for chaincode edu-network/0.3.1-deploy.2, error open /var/hyperledger/production/chaincodes/edu-network.0.3.1-deploy.2: no such file or directory
    at /home/composer/.npm-global/lib/node_modules/composer-rest-server/node_modules/fabric-client/lib/Peer.js:114:16
    at /home/composer/.npm-global/lib/node_modules/composer-rest-server/node_modules/grpc/src/client.js:586:7 {}$
2021-01-14T03:10:28.927Z ERROR   :HLFConnectionManager     :fabric-client()           [client-utils.js]: sendPeersProposal - Promise is rejected: Error: cannot retrieve package for chaincode edu-network/0.3.1-deploy.2, error open /var/hyperledger/production/chaincodes/edu-network.0.3.1-deploy.2: no such file or directory
    at /home/composer/.npm-global/lib/node_modules/composer-rest-server/node_modules/fabric-client/lib/Peer.js:114:16
    at /home/composer/.npm-global/lib/node_modules/composer-rest-server/node_modules/grpc/src/client.js:586:7 {}$
2021-01-14T03:10:29.021Z WARN    :HLFConnection            :_validatePeerResponses()  Response from attempted peer comms was an error: Error: cannot retrieve package for chaincode edu-network/0.3.1-deploy.2, error open /var/hyperledger/production/chaincodes/edu-network.0.3.1-deploy.2: no such file or directory {}$
2021-01-14T03:10:29.021Z WARN    :HLFConnection            :_validatePeerResponses()  Response from attempted peer comms was an error: Error: cannot retrieve package for chaincode edu-network/0.3.1-deploy.2, error open /var/hyperledger/production/chaincodes/edu-network.0.3.1-deploy.2: no such file or directory {}$
2021-01-14T03:10:31.641Z ERROR   :HLFTxEventHandler        :Peer 10.214.241.224:9051  null$
2021-01-14T03:10:39.546Z ERROR   :HLFConnectionManager     :fabric-client()           [client-utils.js]: sendPeersProposal - Promise is rejected: Error: transaction returned with failure: Error: The current identity, with the name 'admin' and the identifier '01899e04161a3a6d64670504fa122e55818295352929b6a616333a3739fde3f2', must be activated (ACTIVATION_REQUIRED)
    at /home/composer/.npm-global/lib/node_modules/composer-rest-server/node_modules/fabric-client/lib/Peer.js:114:16
    at /home/composer/.npm-global/lib/node_modules/composer-rest-server/node_modules/grpc/src/client.js:586:7 {}$
2021-01-14T03:10:39.547Z WARN    :HLFQueryHandler          :queryChaincode()          query payload returned an error: Error: transaction returned with failure: Error: The current identity, with the name 'admin' and the identifier '01899e04161a3a6d64670504fa122e55818295352929b6a616333a3739fde3f2', must be activated (ACTIVATION_REQUIRED) {}$
2021-01-14T03:10:39.548Z ERROR   :HLFConnection            :ping()                    {"message":"Error trying to ping. Error: transaction returned with failure: Error: The current identity, with the name 'admin' and the identifier '01899e04161a3a6d64670504fa122e55818295352929b6a616333a3739fde3f2', must be activated (ACTIVATION_REQUIRED)","stack":"Error: Error trying to ping. Error: transaction returned with failure: Error: The current identity, with the name 'admin' and the identifier '01899e04161a3a6d64670504fa122e55818295352929b6a616333a3739fde3f2', must be activated (ACTIVATION_REQUIRED)\n    at _checkRuntimeVersions.then.catch (/home/composer/.npm-global/lib/node_modules/composer-rest-server/node_modules/composer-connector-hlfv1/lib/hlfconnection.js:863:34)\n    at <anonymous>"}$
2021-01-14T03:10:39.600Z ERROR   :HLFConnectionManager     :fabric-client()           [client-utils.js]: sendPeersProposal - Promise is rejected: Error: cannot retrieve package for chaincode edu-network/0.3.1-deploy.2, error open /var/hyperledger/production/chaincodes/edu-network.0.3.1-deploy.2: no such file or directory
    at /home/composer/.npm-global/lib/node_modules/composer-rest-server/node_modules/fabric-client/lib/Peer.js:114:16
    at /home/composer/.npm-global/lib/node_modules/composer-rest-server/node_modules/grpc/src/client.js:586:7 {}$
2021-01-14T03:10:39.602Z ERROR   :HLFConnectionManager     :fabric-client()           [client-utils.js]: sendPeersProposal - Promise is rejected: Error: cannot retrieve package for chaincode edu-network/0.3.1-deploy.2, error open /var/hyperledger/production/chaincodes/edu-network.0.3.1-deploy.2: no such file or directory
    at /home/composer/.npm-global/lib/node_modules/composer-rest-server/node_modules/fabric-client/lib/Peer.js:114:16
    at /home/composer/.npm-global/lib/node_modules/composer-rest-server/node_modules/grpc/src/client.js:586:7 {}$
2021-01-14T03:10:39.694Z WARN    :HLFConnection            :_validatePeerResponses()  Response from attempted peer comms was an error: Error: cannot retrieve package for chaincode edu-network/0.3.1-deploy.2, error open /var/hyperledger/production/chaincodes/edu-network.0.3.1-deploy.2: no such file or directory {}$
2021-01-14T03:10:39.695Z WARN    :HLFConnection            :_validatePeerResponses()  Response from attempted peer comms was an error: Error: cannot retrieve package for chaincode edu-network/0.3.1-deploy.2, error open /var/hyperledger/production/chaincodes/edu-network.0.3.1-deploy.2: no such file or directory {}$
2021-01-14T03:10:42.187Z ERROR   :HLFTxEventHandler        :Peer 10.214.241.224:7051  null$
2021-01-14T03:10:49.945Z ERROR   :HLFConnectionManager     :fabric-client()           [client-utils.js]: sendPeersProposal - Promise is rejected: Error: transaction returned with failure: Error: The current identity, with the name 'admin' and the identifier '01899e04161a3a6d64670504fa122e55818295352929b6a616333a3739fde3f2', must be activated (ACTIVATION_REQUIRED)
    at /home/composer/.npm-global/lib/node_modules/composer-rest-server/node_modules/fabric-client/lib/Peer.js:114:16
    at /home/composer/.npm-global/lib/node_modules/composer-rest-server/node_modules/grpc/src/client.js:586:7 {}$
2021-01-14T03:10:49.947Z WARN    :HLFQueryHandler          :queryChaincode()          query payload returned an error: Error: transaction returned with failure: Error: The current identity, with the name 'admin' and the identifier '01899e04161a3a6d64670504fa122e55818295352929b6a616333a3739fde3f2', must be activated (ACTIVATION_REQUIRED) {}$
2021-01-14T03:10:49.947Z ERROR   :HLFConnection            :ping()                    {"message":"Error trying to ping. Error: transaction returned with failure: Error: The current identity, with the name 'admin' and the identifier '01899e04161a3a6d64670504fa122e55818295352929b6a616333a3739fde3f2', must be activated (ACTIVATION_REQUIRED)","stack":"Error: Error trying to ping. Error: transaction returned with failure: Error: The current identity, with the name 'admin' and the identifier '01899e04161a3a6d64670504fa122e55818295352929b6a616333a3739fde3f2', must be activated (ACTIVATION_REQUIRED)\n    at _checkRuntimeVersions.then.catch (/home/composer/.npm-global/lib/node_modules/composer-rest-server/node_modules/composer-connector-hlfv1/lib/hlfconnection.js:863:34)\n    at <anonymous>"}$
2021-01-14T03:10:50.000Z ERROR   :HLFConnectionManager     :fabric-client()           [client-utils.js]: sendPeersProposal - Promise is rejected: Error: cannot retrieve package for chaincode edu-network/0.3.1-deploy.2, error open /var/hyperledger/production/chaincodes/edu-network.0.3.1-deploy.2: no such file or directory
    at /home/composer/.npm-global/lib/node_modules/composer-rest-server/node_modules/fabric-client/lib/Peer.js:114:16
    at /home/composer/.npm-global/lib/node_modules/composer-rest-server/node_modules/grpc/src/client.js:586:7 {}$
2021-01-14T03:10:50.003Z ERROR   :HLFConnectionManager     :fabric-client()           [client-utils.js]: sendPeersProposal - Promise is rejected: Error: cannot retrieve package for chaincode edu-network/0.3.1-deploy.2, error open /var/hyperledger/production/chaincodes/edu-network.0.3.1-deploy.2: no such file or directory
    at /home/composer/.npm-global/lib/node_modules/composer-rest-server/node_modules/fabric-client/lib/Peer.js:114:16
    at /home/composer/.npm-global/lib/node_modules/composer-rest-server/node_modules/grpc/src/client.js:586:7 {}$
2021-01-14T03:10:50.079Z WARN    :HLFConnection            :_validatePeerResponses()  Response from attempted peer comms was an error: Error: cannot retrieve package for chaincode edu-network/0.3.1-deploy.2, error open /var/hyperledger/production/chaincodes/edu-network.0.3.1-deploy.2: no such file or directory {}$
2021-01-14T03:10:50.079Z WARN    :HLFConnection            :_validatePeerResponses()  Response from attempted peer comms was an error: Error: cannot retrieve package for chaincode edu-network/0.3.1-deploy.2, error open /var/hyperledger/production/chaincodes/edu-network.0.3.1-deploy.2: no such file or directory {}$
2021-01-14T03:10:52.590Z ERROR   :HLFTxEventHandler        :Peer 10.214.241.224:7051  null$
2021-01-14T03:11:00.978Z ERROR   :HLFConnectionManager     :fabric-client()           [client-utils.js]: sendPeersProposal - Promise is rejected: Error: transaction returned with failure: Error: The current identity, with the name 'admin' and the identifier '01899e04161a3a6d64670504fa122e55818295352929b6a616333a3739fde3f2', must be activated (ACTIVATION_REQUIRED)
    at /home/composer/.npm-global/lib/node_modules/composer-rest-server/node_modules/fabric-client/lib/Peer.js:114:16
    at /home/composer/.npm-global/lib/node_modules/composer-rest-server/node_modules/grpc/src/client.js:586:7 {}$
2021-01-14T03:11:00.980Z WARN    :HLFQueryHandler          :queryChaincode()          query payload returned an error: Error: transaction returned with failure: Error: The current identity, with the name 'admin' and the identifier '01899e04161a3a6d64670504fa122e55818295352929b6a616333a3739fde3f2', must be activated (ACTIVATION_REQUIRED) {}$
2021-01-14T03:11:00.980Z ERROR   :HLFConnection            :ping()                    {"message":"Error trying to ping. Error: transaction returned with failure: Error: The current identity, with the name 'admin' and the identifier '01899e04161a3a6d64670504fa122e55818295352929b6a616333a3739fde3f2', must be activated (ACTIVATION_REQUIRED)","stack":"Error: Error trying to ping. Error: transaction returned with failure: Error: The current identity, with the name 'admin' and the identifier '01899e04161a3a6d64670504fa122e55818295352929b6a616333a3739fde3f2', must be activated (ACTIVATION_REQUIRED)\n    at _checkRuntimeVersions.then.catch (/home/composer/.npm-global/lib/node_modules/composer-rest-server/node_modules/composer-connector-hlfv1/lib/hlfconnection.js:863:34)\n    at <anonymous>"}$
2021-01-14T03:11:01.032Z ERROR   :HLFConnectionManager     :fabric-client()           [client-utils.js]: sendPeersProposal - Promise is rejected: Error: cannot retrieve package for chaincode edu-network/0.3.1-deploy.2, error open /var/hyperledger/production/chaincodes/edu-network.0.3.1-deploy.2: no such file or directory
    at /home/composer/.npm-global/lib/node_modules/composer-rest-server/node_modules/fabric-client/lib/Peer.js:114:16
    at /home/composer/.npm-global/lib/node_modules/composer-rest-server/node_modules/grpc/src/client.js:586:7 {}$
2021-01-14T03:11:01.033Z ERROR   :HLFConnectionManager     :fabric-client()           [client-utils.js]: sendPeersProposal - Promise is rejected: Error: cannot retrieve package for chaincode edu-network/0.3.1-deploy.2, error open /var/hyperledger/production/chaincodes/edu-network.0.3.1-deploy.2: no such file or directory
    at /home/composer/.npm-global/lib/node_modules/composer-rest-server/node_modules/fabric-client/lib/Peer.js:114:16
    at /home/composer/.npm-global/lib/node_modules/composer-rest-server/node_modules/grpc/src/client.js:586:7 {}$
2021-01-14T03:11:01.114Z WARN    :HLFConnection            :_validatePeerResponses()  Response from attempted peer comms was an error: Error: cannot retrieve package for chaincode edu-network/0.3.1-deploy.2, error open /var/hyperledger/production/chaincodes/edu-network.0.3.1-deploy.2: no such file or directory {}$
2021-01-14T03:11:01.114Z WARN    :HLFConnection            :_validatePeerResponses()  Response from attempted peer comms was an error: Error: cannot retrieve package for chaincode edu-network/0.3.1-deploy.2, error open /var/hyperledger/production/chaincodes/edu-network.0.3.1-deploy.2: no such file or directory {}$
2021-01-14T03:11:03.673Z ERROR   :HLFTxEventHandler        :Peer 10.214.241.224:7051  null$
2021-01-14T04:03:58.984Z ERROR   :HLFConnectionManager     :fabric-client()           [client-utils.js]: sendPeersProposal - Promise is rejected: Error: failed to execute transaction 0982aaa4a8ded480472c7e03d9a84727a37b1e8e0589318ace1e4daa93a229fc: timeout expired while starting chaincode edu-network:0.3.1-deploy.2 for transaction 0982aaa4a8ded480472c7e03d9a84727a37b1e8e0589318ace1e4daa93a229fc
    at /home/composer/.npm-global/lib/node_modules/composer-cli/node_modules/fabric-client/lib/Peer.js:114:16
    at /home/composer/.npm-global/lib/node_modules/composer-cli/node_modules/grpc/src/client.js:586:7 {}$
2021-01-14T04:03:59.602Z ERROR   :HLFConnectionManager     :fabric-client()           [client-utils.js]: sendPeersProposal - Promise is rejected: Error: failed to execute transaction 0982aaa4a8ded480472c7e03d9a84727a37b1e8e0589318ace1e4daa93a229fc: timeout expired while starting chaincode edu-network:0.3.1-deploy.2 for transaction 0982aaa4a8ded480472c7e03d9a84727a37b1e8e0589318ace1e4daa93a229fc
    at /home/composer/.npm-global/lib/node_modules/composer-cli/node_modules/fabric-client/lib/Peer.js:114:16
    at /home/composer/.npm-global/lib/node_modules/composer-cli/node_modules/grpc/src/client.js:586:7 {}$
2021-01-14T04:03:59.604Z WARN    :HLFConnection            :_validatePeerResponses()  Response from attempted peer comms was an error: Error: failed to execute transaction 0982aaa4a8ded480472c7e03d9a84727a37b1e8e0589318ace1e4daa93a229fc: timeout expired while starting chaincode edu-network:0.3.1-deploy.2 for transaction 0982aaa4a8ded480472c7e03d9a84727a37b1e8e0589318ace1e4daa93a229fc {}$
2021-01-14T04:03:59.604Z WARN    :HLFConnection            :_validatePeerResponses()  Response from attempted peer comms was an error: Error: failed to execute transaction 0982aaa4a8ded480472c7e03d9a84727a37b1e8e0589318ace1e4daa93a229fc: timeout expired while starting chaincode edu-network:0.3.1-deploy.2 for transaction 0982aaa4a8ded480472c7e03d9a84727a37b1e8e0589318ace1e4daa93a229fc {}$
2021-01-14T04:05:54.718Z ERROR   :HLFConnectionManager     :fabric-client()           [client-utils.js]: sendPeersProposal - Promise is rejected: Error: chaincode with name 'edu-network' already exists
    at /home/composer/.npm-global/lib/node_modules/composer-cli/node_modules/fabric-client/lib/Peer.js:114:16
    at /home/composer/.npm-global/lib/node_modules/composer-cli/node_modules/grpc/src/client.js:586:7 {}$
2021-01-14T04:10:05.551Z ERROR   :HLFConnectionManager     :fabric-client()           [client-utils.js]: sendPeersProposal - Promise is rejected: Error: transaction returned with failure: Error: The current identity, with the name 'admin' and the identifier '01899e04161a3a6d64670504fa122e55818295352929b6a616333a3739fde3f2', must be activated (ACTIVATION_REQUIRED)
    at /home/composer/.npm-global/lib/node_modules/composer-cli/node_modules/fabric-client/lib/Peer.js:114:16
    at /home/composer/.npm-global/lib/node_modules/composer-cli/node_modules/grpc/src/client.js:586:7 {}$
2021-01-14T04:10:05.553Z WARN    :HLFQueryHandler          :queryChaincode()          query payload returned an error: Error: transaction returned with failure: Error: The current identity, with the name 'admin' and the identifier '01899e04161a3a6d64670504fa122e55818295352929b6a616333a3739fde3f2', must be activated (ACTIVATION_REQUIRED) {}$
2021-01-14T04:10:05.554Z ERROR   :HLFConnection            :ping()                    {"message":"Error trying to ping. Error: transaction returned with failure: Error: The current identity, with the name 'admin' and the identifier '01899e04161a3a6d64670504fa122e55818295352929b6a616333a3739fde3f2', must be activated (ACTIVATION_REQUIRED)","stack":"Error: Error trying to ping. Error: transaction returned with failure: Error: The current identity, with the name 'admin' and the identifier '01899e04161a3a6d64670504fa122e55818295352929b6a616333a3739fde3f2', must be activated (ACTIVATION_REQUIRED)\n    at _checkRuntimeVersions.then.catch (/home/composer/.npm-global/lib/node_modules/composer-cli/node_modules/composer-connector-hlfv1/lib/hlfconnection.js:863:34)\n    at <anonymous>"}$
