2021-01-04T07:01:30.597Z ERROR   :HLFConnectionManager     :fabric-client()           [client-utils.js]: sendPeersProposal - Promise is rejected: Error: cannot get package for chaincode (edu-network:0.2.6-deploy.1)
    at /home/composer/.npm-global/lib/node_modules/composer-cli/node_modules/fabric-client/lib/Peer.js:114:16
    at /home/composer/.npm-global/lib/node_modules/composer-cli/node_modules/grpc/src/client.js:586:7 {}$
2021-01-04T07:01:30.600Z ERROR   :HLFConnectionManager     :fabric-client()           [client-utils.js]: sendPeersProposal - Promise is rejected: Error: cannot get package for chaincode (edu-network:0.2.6-deploy.1)
    at /home/composer/.npm-global/lib/node_modules/composer-cli/node_modules/fabric-client/lib/Peer.js:114:16
    at /home/composer/.npm-global/lib/node_modules/composer-cli/node_modules/grpc/src/client.js:586:7 {}$
2021-01-04T07:01:36.820Z WARN    :HLFConnection            :_validatePeerResponses()  Response from attempted peer comms was an error: Error: cannot get package for chaincode (edu-network:0.2.6-deploy.1) {}$
2021-01-04T07:01:36.820Z WARN    :HLFConnection            :_validatePeerResponses()  Response from attempted peer comms was an error: Error: cannot get package for chaincode (edu-network:0.2.6-deploy.1) {}$
2021-01-04T07:02:53.992Z ERROR   :HLFConnectionManager     :fabric-client()           [client-utils.js]: sendPeersProposal - Promise is rejected: Error: transaction returned with failure: Error: The current identity, with the name 'admin' and the identifier '01899e04161a3a6d64670504fa122e55818295352929b6a616333a3739fde3f2', must be activated (ACTIVATION_REQUIRED)
    at /home/composer/.npm-global/lib/node_modules/composer-cli/node_modules/fabric-client/lib/Peer.js:114:16
    at /home/composer/.npm-global/lib/node_modules/composer-cli/node_modules/grpc/src/client.js:586:7 {}$
2021-01-04T07:02:53.994Z WARN    :HLFQueryHandler          :queryChaincode()          query payload returned an error: Error: transaction returned with failure: Error: The current identity, with the name 'admin' and the identifier '01899e04161a3a6d64670504fa122e55818295352929b6a616333a3739fde3f2', must be activated (ACTIVATION_REQUIRED) {}$
2021-01-04T07:02:53.995Z ERROR   :HLFConnection            :ping()                    {"message":"Error trying to ping. Error: transaction returned with failure: Error: The current identity, with the name 'admin' and the identifier '01899e04161a3a6d64670504fa122e55818295352929b6a616333a3739fde3f2', must be activated (ACTIVATION_REQUIRED)","stack":"Error: Error trying to ping. Error: transaction returned with failure: Error: The current identity, with the name 'admin' and the identifier '01899e04161a3a6d64670504fa122e55818295352929b6a616333a3739fde3f2', must be activated (ACTIVATION_REQUIRED)\n    at _checkRuntimeVersions.then.catch (/home/composer/.npm-global/lib/node_modules/composer-cli/node_modules/composer-connector-hlfv1/lib/hlfconnection.js:863:34)\n    at <anonymous>"}$
2021-01-04T07:02:54.074Z ERROR   :HLFConnectionManager     :fabric-client()           [client-utils.js]: sendPeersProposal - Promise is rejected: Error: cannot retrieve package for chaincode edu-network/0.2.6-deploy.1, error open /var/hyperledger/production/chaincodes/edu-network.0.2.6-deploy.1: no such file or directory
    at /home/composer/.npm-global/lib/node_modules/composer-cli/node_modules/fabric-client/lib/Peer.js:114:16
    at /home/composer/.npm-global/lib/node_modules/composer-cli/node_modules/grpc/src/client.js:586:7 {}$
2021-01-04T07:02:54.077Z ERROR   :HLFConnectionManager     :fabric-client()           [client-utils.js]: sendPeersProposal - Promise is rejected: Error: cannot retrieve package for chaincode edu-network/0.2.6-deploy.1, error open /var/hyperledger/production/chaincodes/edu-network.0.2.6-deploy.1: no such file or directory
    at /home/composer/.npm-global/lib/node_modules/composer-cli/node_modules/fabric-client/lib/Peer.js:114:16
    at /home/composer/.npm-global/lib/node_modules/composer-cli/node_modules/grpc/src/client.js:586:7 {}$
2021-01-04T07:02:54.216Z WARN    :HLFConnection            :_validatePeerResponses()  Response from attempted peer comms was an error: Error: cannot retrieve package for chaincode edu-network/0.2.6-deploy.1, error open /var/hyperledger/production/chaincodes/edu-network.0.2.6-deploy.1: no such file or directory {}$
2021-01-04T07:02:54.216Z WARN    :HLFConnection            :_validatePeerResponses()  Response from attempted peer comms was an error: Error: cannot retrieve package for chaincode edu-network/0.2.6-deploy.1, error open /var/hyperledger/production/chaincodes/edu-network.0.2.6-deploy.1: no such file or directory {}$
2021-01-04T07:02:56.749Z ERROR   :HLFTxEventHandler        :Peer 10.214.241.224:7057  null$
2021-01-04T08:05:18.398Z ERROR   :HLFConnectionManager     :fabric-client()           [client-utils.js]: sendPeersProposal - Promise is rejected: Error: transaction returned with failure: Error: The current identity, with the name 'admin' and the identifier '01899e04161a3a6d64670504fa122e55818295352929b6a616333a3739fde3f2', must be activated (ACTIVATION_REQUIRED)
    at /home/composer/.npm-global/lib/node_modules/composer-cli/node_modules/fabric-client/lib/Peer.js:114:16
    at /home/composer/.npm-global/lib/node_modules/composer-cli/node_modules/grpc/src/client.js:586:7 {}$
2021-01-04T08:05:18.400Z WARN    :HLFQueryHandler          :queryChaincode()          query payload returned an error: Error: transaction returned with failure: Error: The current identity, with the name 'admin' and the identifier '01899e04161a3a6d64670504fa122e55818295352929b6a616333a3739fde3f2', must be activated (ACTIVATION_REQUIRED) {}$
2021-01-04T08:05:18.401Z ERROR   :HLFConnection            :ping()                    {"message":"Error trying to ping. Error: transaction returned with failure: Error: The current identity, with the name 'admin' and the identifier '01899e04161a3a6d64670504fa122e55818295352929b6a616333a3739fde3f2', must be activated (ACTIVATION_REQUIRED)","stack":"Error: Error trying to ping. Error: transaction returned with failure: Error: The current identity, with the name 'admin' and the identifier '01899e04161a3a6d64670504fa122e55818295352929b6a616333a3739fde3f2', must be activated (ACTIVATION_REQUIRED)\n    at _checkRuntimeVersions.then.catch (/home/composer/.npm-global/lib/node_modules/composer-cli/node_modules/composer-connector-hlfv1/lib/hlfconnection.js:863:34)\n    at <anonymous>"}$
